<?xml version="1.0" encoding="UTF-8"?>
<testsuite xmlns:xsi="http://www.w3.org/2001/XMLSchema-instance" xsi:noNamespaceSchemaLocation="https://maven.apache.org/surefire/maven-surefire-plugin/xsd/surefire-test-report.xsd" name="com.bjpowernode.AppTest" time="0.098" tests="1" errors="0" skipped="0" failures="0">
  <properties>
    <property name="java.specification.version" value="15"/>
    <property name="sun.cpu.isalist" value="amd64"/>
    <property name="sun.jnu.encoding" value="Cp1252"/>
    <property name="java.class.path" value="D:\SpringBoot\HttpWeb\MavenCourse\target\test-classes;D:\SpringBoot\HttpWeb\MavenCourse\target\classes;C:\Users\juanz\.m2\repository\junit\junit\4.11\junit-4.11.jar;C:\Users\juanz\.m2\repository\org\hamcrest\hamcrest-core\1.3\hamcrest-core-1.3.jar;"/>
    <property name="java.vm.vendor" value="Oracle Corporation"/>
    <property name="sun.arch.data.model" value="64"/>
    <property name="user.variant" value=""/>
    <property name="java.vendor.url" value="https://java.oracle.com/"/>
    <property name="user.timezone" value="Asia/Kuala_Lumpur"/>
    <property name="os.name" value="Windows 10"/>
    <property name="java.vm.specification.version" value="15"/>
    <property name="sun.java.launcher" value="SUN_STANDARD"/>
    <property name="user.country" value="US"/>
    <property name="sun.boot.library.path" value="C:\Users\juanz\.jdks\openjdk-15\bin"/>
    <property name="sun.java.command" value="C:\Users\juanz\AppData\Local\Temp\surefire13855285198192175567\surefirebooter11664693058024637865.jar C:\Users\juanz\AppData\Local\Temp\surefire13855285198192175567 2020-12-09T19-51-12_149-jvmRun1 surefire6186873450014868611tmp surefire_07149931535028635162tmp"/>
    <property name="jdk.debug" value="release"/>
    <property name="surefire.test.class.path" value="D:\SpringBoot\HttpWeb\MavenCourse\target\test-classes;D:\SpringBoot\HttpWeb\MavenCourse\target\classes;C:\Users\juanz\.m2\repository\junit\junit\4.11\junit-4.11.jar;C:\Users\juanz\.m2\repository\org\hamcrest\hamcrest-core\1.3\hamcrest-core-1.3.jar;"/>
    <property name="sun.cpu.endian" value="little"/>
    <property name="user.home" value="C:\Users\juanz"/>
    <property name="user.language" value="en"/>
    <property name="java.specification.vendor" value="Oracle Corporation"/>
    <property name="java.version.date" value="2020-09-15"/>
    <property name="java.home" value="C:\Users\juanz\.jdks\openjdk-15"/>
    <property name="file.separator" value="\"/>
    <property name="basedir" value="D:\SpringBoot\HttpWeb\MavenCourse"/>
    <property name="java.vm.compressedOopsMode" value="32-bit"/>
    <property name="line.separator" value="&#10;"/>
    <property name="java.vm.specification.vendor" value="Oracle Corporation"/>
    <property name="java.specification.name" value="Java Platform API Specification"/>
    <property name="surefire.real.class.path" value="C:\Users\juanz\AppData\Local\Temp\surefire13855285198192175567\surefirebooter11664693058024637865.jar"/>
    <property name="user.script" value=""/>
    <property name="sun.management.compiler" value="HotSpot 64-Bit Tiered Compilers"/>
    <property name="java.runtime.version" value="15+36-1562"/>
    <property name="user.name" value="juanz"/>
    <property name="path.separator" value=";"/>
    <property name="os.version" value="10.0"/>
    <property name="java.runtime.name" value="OpenJDK Runtime Environment"/>
    <property name="file.encoding" value="Cp1252"/>
    <property name="java.vm.name" value="OpenJDK 64-Bit Server VM"/>
    <property name="localRepository" value="C:\Users\juanz\.m2\repository"/>
    <property name="java.vendor.url.bug" value="https://bugreport.java.com/bugreport/"/>
    <property name="java.io.tmpdir" value="C:\Users\juanz\AppData\Local\Temp\"/>
    <property name="idea.version" value="2020.2.4"/>
    <property name="java.version" value="15"/>
    <property name="user.dir" value="D:\SpringBoot\HttpWeb\MavenCourse"/>
    <property name="os.arch" value="amd64"/>
    <property name="java.vm.specification.name" value="Java Virtual Machine Specification"/>
    <property name="sun.os.patch.level" value=""/>
    <property name="java.library.path" value="C:\Users\juanz\.jdks\openjdk-15\bin;C:\WINDOWS\Sun\Java\bin;C:\WINDOWS\system32;C:\WINDOWS;C:\WINDOWS\system32;C:\WINDOWS;C:\WINDOWS\System32\Wbem;C:\WINDOWS\System32\WindowsPowerShell\v1.0\;C:\WINDOWS\System32\OpenSSH\;C:\Program Files\Git\cmd;C:\Program Files (x86)\Microsoft\Edge\msedgedriver.exe;C:\Program Files\nodejs\;C:\ProgramData\chocolatey\bin;C:\Users\juanz\.jdks\openjdk-15\bin;D:\rational rose 2007\common;C:\Program Files\MySQL\MySQL Shell 8.0\bin\;C:\Users\juanz\AppData\Local\Programs\Python\Python39\Scripts\;C:\Users\juanz\AppData\Local\Programs\Python\Python39\;C:\Users\juanz\AppData\Local\Microsoft\WindowsApps;;C:\Users\juanz\AppData\Local\Programs\Microsoft VS Code\bin;D:\Idea\IntelliJ IDEA Community Edition 2020.2.3\bin;;C:\Users\juanz\AppData\Roaming\npm;C:\tools\dart-sdk\bin;C:\Users\juanz\AppData\Roaming\Pub\Cache\bin;;."/>
    <property name="java.vm.info" value="mixed mode, sharing"/>
    <property name="java.vendor" value="Oracle Corporation"/>
    <property name="java.vm.version" value="15+36-1562"/>
    <property name="sun.io.unicode.encoding" value="UnicodeLittle"/>
    <property name="java.class.version" value="59.0"/>
  </properties>
  <testcase name="shouldAnswerWithTrue" classname="com.bjpowernode.AppTest" time="0.003"/>
</testsuite>